<?xml version="1.0" encoding="UTF-8"?>
<testsuite name="com.ujwal.halter.CoreRulesTest" tests="6" skipped="0" failures="0" errors="0" timestamp="2026-07-01T15:14:50.642Z" hostname="Ujwal-Laptop" time="0.146">
  <properties/>
  <testcase name="mondayIsBitZeroForSchedules" classname="com.ujwal.halter.CoreRulesTest" time="0.022"/>
  <testcase name="scheduleWindowMatchesOvernightRanges" classname="com.ujwal.halter.CoreRulesTest" time="0.001"/>
  <testcase name="scheduleWindowMatchesSameDayRanges" classname="com.ujwal.halter.CoreRulesTest" time="0.001"/>
  <testcase name="localDayStartUsesDeviceTimezone" classname="com.ujwal.halter.CoreRulesTest" time="0.062"/>
  <testcase name="shortVideoTypesAreExplicit" classname="com.ujwal.halter.CoreRulesTest" time="0.018"/>
  <testcase name="scrollDebouncerCountsOnlyAfterDebounceWindow" classname="com.ujwal.halter.CoreRulesTest" time="0.002"/>
  <system-out><![CDATA[]]></system-out>
  <system-err><![CDATA[]]></system-err>
</testsuite>
